<?xml version="1.0" encoding="UTF-8"?>
<testng-results skipped="0" failed="0" ignored="0" total="1" passed="1">
  <reporter-output>
  </reporter-output>
  <suite name="Default suite" duration-ms="202094" started-at="2020-07-12T19:47:28Z" finished-at="2020-07-12T19:50:50Z">
    <groups>
    </groups>
    <test name="Default test" duration-ms="202094" started-at="2020-07-12T19:47:28Z" finished-at="2020-07-12T19:50:50Z">
      <class name="executeHiver.Tc1">
        <test-method status="PASS" signature="setup()[pri:0, instance:executeHiver.Tc1@8bd1b6a]" name="setup" is-config="true" duration-ms="37407" started-at="2020-07-12T19:47:28Z" finished-at="2020-07-12T19:48:05Z">
          <reporter-output>
          </reporter-output>
        </test-method> <!-- setup -->
        <test-method status="PASS" signature="executeAssignment()[pri:0, instance:executeHiver.Tc1@8bd1b6a]" name="executeAssignment" duration-ms="147252" started-at="2020-07-12T19:48:05Z" finished-at="2020-07-12T19:50:32Z">
          <reporter-output>
          </reporter-output>
        </test-method> <!-- executeAssignment -->
        <test-method status="PASS" signature="close()[pri:0, instance:executeHiver.Tc1@8bd1b6a]" name="close" is-config="true" duration-ms="17338" started-at="2020-07-12T19:50:32Z" finished-at="2020-07-12T19:50:50Z">
          <reporter-output>
          </reporter-output>
        </test-method> <!-- close -->
      </class> <!-- executeHiver.Tc1 -->
    </test> <!-- Default test -->
  </suite> <!-- Default suite -->
</testng-results>
